
> @repo/web@0.2.0 lint /Users/yakrav7700/Desktop/05-04-2026_11-45-39/apps/web
> eslint


/Users/yakrav7700/Desktop/05-04-2026_11-45-39/apps/web/public/sw.js
  1:156  warning  Expected an assignment or function call and instead saw an expression  @typescript-eslint/no-unused-expressions
  1:209  warning  Expected an assignment or function call and instead saw an expression  @typescript-eslint/no-unused-expressions
  1:626  warning  Expected an assignment or function call and instead saw an expression  @typescript-eslint/no-unused-expressions

/Users/yakrav7700/Desktop/05-04-2026_11-45-39/apps/web/public/workbox-5194662c.js
  1:49     warning  Expected an assignment or function call and instead saw an expression  @typescript-eslint/no-unused-expressions
  1:87     warning  't' is defined but never used                                          @typescript-eslint/no-unused-vars
  1:211    warning  Expected an assignment or function call and instead saw an expression  @typescript-eslint/no-unused-expressions
  1:257    warning  Expected an assignment or function call and instead saw an expression  @typescript-eslint/no-unused-expressions
  1:298    warning  't' is defined but never used                                          @typescript-eslint/no-unused-vars
  1:381    warning  Expected an assignment or function call and instead saw an expression  @typescript-eslint/no-unused-expressions
  1:642    warning  Expected an assignment or function call and instead saw an expression  @typescript-eslint/no-unused-expressions
  1:813    warning  Expected an assignment or function call and instead saw an expression  @typescript-eslint/no-unused-expressions
  1:989    warning  Expected an assignment or function call and instead saw an expression  @typescript-eslint/no-unused-expressions
  1:1093   warning  Expected an assignment or function call and instead saw an expression  @typescript-eslint/no-unused-expressions
  1:1738   warning  Expected an assignment or function call and instead saw an expression  @typescript-eslint/no-unused-expressions
  1:2263   warning  Expected an assignment or function call and instead saw an expression  @typescript-eslint/no-unused-expressions
  1:3058   warning  Expected an assignment or function call and instead saw an expression  @typescript-eslint/no-unused-expressions
  1:3102   warning  't' is defined but never used                                          @typescript-eslint/no-unused-vars
  1:3598   warning  Expected an assignment or function call and instead saw an expression  @typescript-eslint/no-unused-expressions
  1:3727   warning  Expected an assignment or function call and instead saw an expression  @typescript-eslint/no-unused-expressions
  1:7052   warning  Expected an assignment or function call and instead saw an expression  @typescript-eslint/no-unused-expressions
  1:7234   warning  Expected an assignment or function call and instead saw an expression  @typescript-eslint/no-unused-expressions
  1:7954   warning  'i' is defined but never used                                          @typescript-eslint/no-unused-vars
  1:7962   warning  Expected an assignment or function call and instead saw an expression  @typescript-eslint/no-unused-expressions
  1:8066   warning  Expected an assignment or function call and instead saw an expression  @typescript-eslint/no-unused-expressions
  1:8368   warning  Expected an assignment or function call and instead saw an expression  @typescript-eslint/no-unused-expressions
  1:9440   warning  Expected an assignment or function call and instead saw an expression  @typescript-eslint/no-unused-expressions
  1:9550   warning  Expected an assignment or function call and instead saw an expression  @typescript-eslint/no-unused-expressions
  1:9566   warning  Expected an assignment or function call and instead saw an expression  @typescript-eslint/no-unused-expressions
  1:9627   warning  Expected an assignment or function call and instead saw an expression  @typescript-eslint/no-unused-expressions
  1:9962   warning  Expected an assignment or function call and instead saw an expression  @typescript-eslint/no-unused-expressions
  1:10038  warning  Expected an assignment or function call and instead saw an expression  @typescript-eslint/no-unused-expressions
  1:10065  warning  Expected an assignment or function call and instead saw an expression  @typescript-eslint/no-unused-expressions
  1:10081  warning  Expected an assignment or function call and instead saw an expression  @typescript-eslint/no-unused-expressions
  1:10163  warning  Expected an assignment or function call and instead saw an expression  @typescript-eslint/no-unused-expressions
  1:10963  warning  Expected an assignment or function call and instead saw an expression  @typescript-eslint/no-unused-expressions
  1:11007  warning  't' is defined but never used                                          @typescript-eslint/no-unused-vars
  1:11122  warning  Expected an assignment or function call and instead saw an expression  @typescript-eslint/no-unused-expressions
  1:11194  warning  Expected an assignment or function call and instead saw an expression  @typescript-eslint/no-unused-expressions
  1:11301  warning  Expected an assignment or function call and instead saw an expression  @typescript-eslint/no-unused-expressions
  1:11382  warning  Expected an assignment or function call and instead saw an expression  @typescript-eslint/no-unused-expressions
  1:11623  warning  Expected an assignment or function call and instead saw an expression  @typescript-eslint/no-unused-expressions
  1:11941  warning  Expected an assignment or function call and instead saw an expression  @typescript-eslint/no-unused-expressions
  1:12060  warning  Expected an assignment or function call and instead saw an expression  @typescript-eslint/no-unused-expressions
  1:12464  warning  Expected an assignment or function call and instead saw an expression  @typescript-eslint/no-unused-expressions
  1:12684  warning  Expected an assignment or function call and instead saw an expression  @typescript-eslint/no-unused-expressions
  1:13012  warning  Expected an assignment or function call and instead saw an expression  @typescript-eslint/no-unused-expressions
  1:13272  warning  Expected an assignment or function call and instead saw an expression  @typescript-eslint/no-unused-expressions
  1:13319  warning  Expected an assignment or function call and instead saw an expression  @typescript-eslint/no-unused-expressions
  1:13367  warning  't' is defined but never used                                          @typescript-eslint/no-unused-vars
  1:14423  warning  't' is defined but never used                                          @typescript-eslint/no-unused-vars
  1:14555  warning  Expected an assignment or function call and instead saw an expression  @typescript-eslint/no-unused-expressions
  1:14599  warning  't' is defined but never used                                          @typescript-eslint/no-unused-vars
  1:15097  warning  Expected an assignment or function call and instead saw an expression  @typescript-eslint/no-unused-expressions
  1:15191  warning  Expected an assignment or function call and instead saw an expression  @typescript-eslint/no-unused-expressions
  1:15404  warning  Expected an assignment or function call and instead saw an expression  @typescript-eslint/no-unused-expressions
  1:15514  warning  Expected an assignment or function call and instead saw an expression  @typescript-eslint/no-unused-expressions
  1:16025  warning  Expected an assignment or function call and instead saw an expression  @typescript-eslint/no-unused-expressions
  1:16057  warning  't' is defined but never used                                          @typescript-eslint/no-unused-vars
  1:16165  warning  Expected an assignment or function call and instead saw an expression  @typescript-eslint/no-unused-expressions
  1:16591  warning  Expected an assignment or function call and instead saw an expression  @typescript-eslint/no-unused-expressions
  1:16958  warning  Expected an assignment or function call and instead saw an expression  @typescript-eslint/no-unused-expressions
  1:17076  warning  Expected an assignment or function call and instead saw an expression  @typescript-eslint/no-unused-expressions
  1:17178  warning  Expected an assignment or function call and instead saw an expression  @typescript-eslint/no-unused-expressions
  1:17458  warning  Expected an assignment or function call and instead saw an expression  @typescript-eslint/no-unused-expressions
  1:17719  warning  Expected an assignment or function call and instead saw an expression  @typescript-eslint/no-unused-expressions
  1:17903  warning  Expected an assignment or function call and instead saw an expression  @typescript-eslint/no-unused-expressions
  1:19089  warning  Expected an assignment or function call and instead saw an expression  @typescript-eslint/no-unused-expressions
  1:20040  warning  Expected an assignment or function call and instead saw an expression  @typescript-eslint/no-unused-expressions
  1:20129  warning  Expected an assignment or function call and instead saw an expression  @typescript-eslint/no-unused-expressions
  1:20260  warning  Expected an assignment or function call and instead saw an expression  @typescript-eslint/no-unused-expressions
  1:20317  warning  Expected an assignment or function call and instead saw an expression  @typescript-eslint/no-unused-expressions
  1:20514  warning  Expected an assignment or function call and instead saw an expression  @typescript-eslint/no-unused-expressions
  1:20635  warning  Expected an assignment or function call and instead saw an expression  @typescript-eslint/no-unused-expressions
  1:20768  warning  Expected an assignment or function call and instead saw an expression  @typescript-eslint/no-unused-expressions
  1:20988  warning  't' is defined but never used                                          @typescript-eslint/no-unused-vars
  1:21080  warning  Expected an assignment or function call and instead saw an expression  @typescript-eslint/no-unused-expressions
  1:21657  warning  Expected an assignment or function call and instead saw an expression  @typescript-eslint/no-unused-expressions
  1:21768  warning  Expected an assignment or function call and instead saw an expression  @typescript-eslint/no-unused-expressions
  1:21988  warning  Expected an assignment or function call and instead saw an expression  @typescript-eslint/no-unused-expressions
  1:22227  warning  'e' is defined but never used                                          @typescript-eslint/no-unused-vars
  1:22385  warning  's' is defined but never used                                          @typescript-eslint/no-unused-vars
  1:22450  warning  Expected an assignment or function call and instead saw an expression  @typescript-eslint/no-unused-expressions
  1:22748  warning  Expected an assignment or function call and instead saw an expression  @typescript-eslint/no-unused-expressions
  1:22962  warning  Expected an assignment or function call and instead saw an expression  @typescript-eslint/no-unused-expressions
  1:23349  warning  't' is defined but never used                                          @typescript-eslint/no-unused-vars
  1:23479  warning  Expected an assignment or function call and instead saw an expression  @typescript-eslint/no-unused-expressions

✖ 86 problems (0 errors, 86 warnings)

